<?xml version="1.0" encoding="UTF-8"?>
<!-- Generated by org.testng.reporters.JUnitXMLReporter -->
<testsuite hostname="Sk-Shahid-PC" failures="0" tests="7" name="test runs" time="0.04" errors="0" timestamp="15 Aug 2021 03:33:51 GMT">
  <testcase classname="test.testmaven.AppiumTest" name="test1" time="0.001"/>
  <testcase classname="test.testmaven.AppiumTest" name="test2" time="0.0"/>
  <testcase classname="test.testmaven.AppiumTest" name="test3" time="0.0"/>
  <testcase classname="test.testmaven.RestAssuredTest" name="test1" time="0.0"/>
  <testcase classname="test.testmaven.RestAssuredTest" name="test2" time="0.0"/>
  <testcase classname="test.testmaven.SeleniumTest" name="test1" time="0.0"/>
  <testcase classname="test.testmaven.SeleniumTest" name="test2" time="0.001"/>
</testsuite> <!-- test runs -->
