<?xml version="1.0" encoding="UTF-8"?>
<testng-results total="3" passed="3" failed="0" skipped="0">
  <reporter-output>
  </reporter-output>
  <suite started-at="2021-08-15T03:38:13Z" name="Suite" finished-at="2021-08-15T03:38:13Z" duration-ms="33">
    <groups>
      <group name="Shahid">
        <method signature="AppiumTest.test2()[pri:0, instance:test.testmaven.AppiumTest@209da20d]" name="test2" class="test.testmaven.AppiumTest"/>
        <method signature="AppiumTest.test3()[pri:0, instance:test.testmaven.AppiumTest@209da20d]" name="test3" class="test.testmaven.AppiumTest"/>
      </group> <!-- Shahid -->
      <group name="Shahi">
        <method signature="RestAssuredTest.test1()[pri:0, instance:test.testmaven.RestAssuredTest@52af26ee]" name="test1" class="test.testmaven.RestAssuredTest"/>
      </group> <!-- Shahi -->
    </groups>
    <test started-at="2021-08-15T03:38:13Z" name="Test" finished-at="2021-08-15T03:38:13Z" duration-ms="33">
      <class name="test.testmaven.AppiumTest">
        <test-method signature="test2()[pri:0, instance:test.testmaven.AppiumTest@209da20d]" started-at="2021-08-15T09:08:13Z" name="test2" finished-at="2021-08-15T09:08:13Z" duration-ms="1" status="PASS">
          <reporter-output>
          </reporter-output>
        </test-method> <!-- test2 -->
        <test-method signature="test3()[pri:0, instance:test.testmaven.AppiumTest@209da20d]" started-at="2021-08-15T09:08:13Z" name="test3" finished-at="2021-08-15T09:08:13Z" duration-ms="0" status="PASS">
          <reporter-output>
          </reporter-output>
        </test-method> <!-- test3 -->
      </class> <!-- test.testmaven.AppiumTest -->
      <class name="test.testmaven.RestAssuredTest">
        <test-method signature="test1()[pri:0, instance:test.testmaven.RestAssuredTest@52af26ee]" started-at="2021-08-15T09:08:13Z" name="test1" finished-at="2021-08-15T09:08:13Z" duration-ms="13" status="PASS">
          <reporter-output>
          </reporter-output>
        </test-method> <!-- test1 -->
      </class> <!-- test.testmaven.RestAssuredTest -->
    </test> <!-- Test -->
  </suite> <!-- Suite -->
</testng-results>
